0 info it worked if it ends with ok
1 verbose cli [ 'node', '/usr/local/bin/npm', 'install', 'http' ]
2 info using npm@1.2.18
3 info using node@v0.10.5
4 verbose read json /Users/ericlevin/Melodicles/server/package.json
5 warn package.json Melodicles@0.1.0 No README.md file found!
6 verbose read json /Users/ericlevin/Melodicles/server/node_modules/socket.io/package.json
7 verbose from cache /Users/ericlevin/Melodicles/server/package.json
8 verbose readDependencies using package.json deps
9 verbose cache add [ 'http', null ]
10 verbose cache add name=undefined spec="http" args=["http",null]
11 verbose parsed url { protocol: null,
11 verbose parsed url   slashes: null,
11 verbose parsed url   auth: null,
11 verbose parsed url   host: null,
11 verbose parsed url   port: null,
11 verbose parsed url   hostname: null,
11 verbose parsed url   hash: null,
11 verbose parsed url   search: null,
11 verbose parsed url   query: null,
11 verbose parsed url   pathname: 'http',
11 verbose parsed url   path: 'http',
11 verbose parsed url   href: 'http' }
12 silly lockFile 77b5f8e3-http http
13 verbose lock http /Users/ericlevin/.npm/77b5f8e3-http.lock
14 silly lockFile 77b5f8e3-http http
15 silly lockFile 77b5f8e3-http http
16 verbose addNamed [ 'http', '' ]
17 verbose addNamed [ null, '' ]
18 silly lockFile c1086ff9-http http@
19 verbose lock http@ /Users/ericlevin/.npm/c1086ff9-http.lock
20 silly addNameRange { name: 'http', range: '', hasData: false }
21 verbose url raw http
22 verbose url resolving [ 'https://registry.npmjs.org/', './http' ]
23 verbose url resolved https://registry.npmjs.org/http
24 info trying registry request attempt 1 at 01:45:28
25 http GET https://registry.npmjs.org/http
26 http 404 https://registry.npmjs.org/http
27 silly registry.get cb [ 404,
27 silly registry.get   { server: 'CouchDB/1.3.0 (Erlang OTP/R15B03)',
27 silly registry.get     date: 'Wed, 22 May 2013 08:45:30 GMT',
27 silly registry.get     'content-type': 'application/json',
27 silly registry.get     'content-length': '52',
27 silly registry.get     'cache-control': 'must-revalidate' } ]
28 silly lockFile c1086ff9-http http@
29 silly lockFile c1086ff9-http http@
30 error 404 'http' is not in the npm registry.
30 error 404 You should bug the author to publish it
30 error 404
30 error 404 Note that you can also install from a
30 error 404 tarball, folder, or http url, or git url.
31 error System Darwin 12.3.0
32 error command "node" "/usr/local/bin/npm" "install" "http"
33 error cwd /Users/ericlevin/Melodicles/server
34 error node -v v0.10.5
35 error npm -v 1.2.18
36 error code E404
37 verbose exit [ 1, true ]
